Command line:
   bcd_count_tb_example_isim_beh.exe
     -simmode  gui
     -simrunnum  0
     -socket  57727

Tue May 10 12:29:18 2022


 Elaboration Time: 0.046875 sec

 Current Memory Usage: 5150.58 Meg

 Total Signals          : 28
 Total Nets             : 38
 Total Signal Drivers   : 12
 Total Blocks           : 6
 Total Primitive Blocks : 3
 Total Processes        : 19
 Total Traceable Variables  : 27
 Total Scalar Nets and Variables : 182
Total Line Count : 72

 Total Simulation Time: 0.0625 sec

 Current Memory Usage: 5465.15 Meg

Tue May 10 12:29:54 2022

