Command line:
   FSMoore_tb_isim_beh.exe
     -simmode  gui
     -simrunnum  0
     -socket  60597

Sun Feb 20 15:43:42 2022


 Elaboration Time: 0.078125 sec

 Current Memory Usage: 5150.08 Meg

 Total Signals          : 24
 Total Nets             : 24
 Total Signal Drivers   : 16
 Total Blocks           : 3
 Total Primitive Blocks : 2
 Total Processes        : 22
 Total Traceable Variables  : 45
 Total Scalar Nets and Variables : 179
Total Line Count : 235

 Total Simulation Time: 0.234375 sec

 Current Memory Usage: 4678.22 Meg

Sun Feb 20 16:01:47 2022

