--------------------------------------------------------------------------------
Release 14.7 Trace  (nt64)
Copyright (c) 1995-2013 Xilinx, Inc.  All rights reserved.

C:\Xilinx\14.7\ISE_DS\ISE\bin\nt64\unwrapped\trce.exe -intstyle ise -v 3 -s 3
-n 3 -fastpaths -xml board.twx board.ncd -o board.twr board.pcf -ucf
Anvyl_Master.ucf

Design file:              board.ncd
Physical constraint file: board.pcf
Device,package,speed:     xc6slx45,csg484,C,-3 (PRODUCTION 1.23 2013-10-13)
Report level:             verbose report

Environment Variable      Effect 
--------------------      ------ 
NONE                      No environment variables were set
--------------------------------------------------------------------------------

INFO:Timing:2698 - No timing constraints found, doing default enumeration.
INFO:Timing:3412 - To improve timing, see the Timing Closure User Guide (UG612).
INFO:Timing:2752 - To get complete path coverage, use the unconstrained paths 
   option. All paths that are not constrained will be reported in the 
   unconstrained paths section(s) of the report.
INFO:Timing:3339 - The clock-to-out numbers in this timing report are based on 
   a 50 Ohm transmission line loading model.  For the details of this model, 
   and for more information on accounting for different loading conditions, 
   please see the device datasheet.



Data Sheet report:
-----------------
All values displayed in nanoseconds (ns)

Setup/Hold to clock CLK
------------+------------+------------+------------+------------+------------------+--------+
            |Max Setup to|  Process   |Max Hold to |  Process   |                  | Clock  |
Source      | clk (edge) |   Corner   | clk (edge) |   Corner   |Internal Clock(s) | Phase  |
------------+------------+------------+------------+------------+------------------+--------+
BTN<0>      |    5.137(R)|      SLOW  |   -0.906(R)|      SLOW  |CLK_BUFGP         |   0.000|
DIP_A1      |    4.739(R)|      SLOW  |   -2.626(R)|      FAST  |CLK_BUFGP         |   0.000|
SW<0>       |    1.276(R)|      SLOW  |   -0.018(R)|      SLOW  |CLK_BUFGP         |   0.000|
SW<1>       |    1.371(R)|      SLOW  |   -0.127(R)|      SLOW  |CLK_BUFGP         |   0.000|
SW<2>       |    1.062(R)|      SLOW  |   -0.354(R)|      SLOW  |CLK_BUFGP         |   0.000|
SW<3>       |    0.998(R)|      SLOW  |   -0.340(R)|      SLOW  |CLK_BUFGP         |   0.000|
SW<4>       |    1.114(R)|      SLOW  |    0.135(R)|      SLOW  |CLK_BUFGP         |   0.000|
SW<5>       |    1.706(R)|      SLOW  |   -0.278(R)|      SLOW  |CLK_BUFGP         |   0.000|
SW<6>       |    0.891(R)|      FAST  |   -0.179(R)|      SLOW  |CLK_BUFGP         |   0.000|
SW<7>       |    0.907(R)|      FAST  |   -0.191(R)|      SLOW  |CLK_BUFGP         |   0.000|
------------+------------+------------+------------+------------+------------------+--------+

Clock CLK to Pad
------------+-----------------+------------+-----------------+------------+------------------+--------+
            |Max (slowest) clk|  Process   |Min (fastest) clk|  Process   |                  | Clock  |
Destination |  (edge) to PAD  |   Corner   |  (edge) to PAD  |   Corner   |Internal Clock(s) | Phase  |
------------+-----------------+------------+-----------------+------------+------------------+--------+
LDT2G       |         8.993(R)|      SLOW  |         4.899(R)|      FAST  |CLK_BUFGP         |   0.000|
LED<0>      |         8.598(R)|      SLOW  |         4.672(R)|      FAST  |CLK_BUFGP         |   0.000|
LED<1>      |         8.906(R)|      SLOW  |         4.854(R)|      FAST  |CLK_BUFGP         |   0.000|
LED<2>      |         8.941(R)|      SLOW  |         4.877(R)|      FAST  |CLK_BUFGP         |   0.000|
LED<3>      |         8.563(R)|      SLOW  |         4.640(R)|      FAST  |CLK_BUFGP         |   0.000|
------------+-----------------+------------+-----------------+------------+------------------+--------+

Clock to Setup on destination clock CLK
---------------+---------+---------+---------+---------+
               | Src:Rise| Src:Fall| Src:Rise| Src:Fall|
Source Clock   |Dest:Rise|Dest:Rise|Dest:Fall|Dest:Fall|
---------------+---------+---------+---------+---------+
CLK            |    6.434|         |         |         |
---------------+---------+---------+---------+---------+


Analysis completed Thu Mar 10 23:58:46 2022 
--------------------------------------------------------------------------------

Trace Settings:
-------------------------
Trace Settings 

Peak Memory Usage: 4626 MB



