Running: D:\Xilinx\14.7\ISE_DS\ISE\bin\nt64\unwrapped\fuse.exe -intstyle ise -incremental -lib unisims_ver -lib unimacro_ver -lib xilinxcorelib_ver -lib secureip -o C:/Users/elmal/Desktop/assigment3/bcd_count_tb_example_isim_beh.exe -prj C:/Users/elmal/Desktop/assigment3/bcd_count_tb_example_beh.prj work.bcd_count_tb_example work.glbl 
ISim P.20131013 (signature 0x7708f090)
Number of CPUs detected in this system: 8
Turning on mult-threading, number of parallel sub-compilation jobs: 16 
Determining compilation order of HDL files
Analyzing Verilog file "C:/Users/elmal/Desktop/assigment3/counter1.v" into library work
Analyzing Verilog file "C:/Users/elmal/Desktop/assigment3/prog_counter1.v" into library work
Analyzing Verilog file "C:/Users/elmal/Desktop/assigment3/binary_bcd1.v" into library work
Analyzing Verilog file "C:/Users/elmal/Desktop/assigment3/final_bcd_counter1.v" into library work
Analyzing Verilog file "C:/Users/elmal/Desktop/assigment3/example_bcd_count_tb.v" into library work
Analyzing Verilog file "D:/Xilinx/14.7/ISE_DS/ISE//verilog/src/glbl.v" into library work
Starting static elaboration
Completed static elaboration
Compiling module count_7
Compiling module prog_count_7
Compiling module binary_bcd_2
Compiling module bcd_count_7
Compiling module bcd_count_tb_example
Compiling module glbl
Time Resolution for simulation is 1ps.
Compiled 6 Verilog Units
Built simulation executable C:/Users/elmal/Desktop/assigment3/bcd_count_tb_example_isim_beh.exe
Fuse Memory Usage: 27372 KB
Fuse CPU Usage: 452 ms
